<?xml version="1.0" encoding="UTF-8"?>
<coverage generated="1650097463622" clover="3.2.0">
  <project timestamp="1650097463622" name="All files">
    <metrics statements="159" coveredstatements="144" conditionals="106" coveredconditionals="82" methods="53" coveredmethods="47" elements="318" coveredelements="273" complexity="0" loc="159" ncloc="159" packages="2" files="6" classes="6"/>
    <package name="lib">
      <metrics statements="88" coveredstatements="73" conditionals="64" coveredconditionals="41" methods="26" coveredmethods="20"/>
      <file name="catalyst.js" path="/workspaces/tic-toc-game/src/lib/catalyst.js">
        <metrics statements="47" coveredstatements="36" conditionals="40" coveredconditionals="24" methods="10" coveredmethods="7"/>
        <line num="1" count="2" type="stmt"/>
        <line num="8" count="20" type="stmt"/>
        <line num="9" count="20" type="cond" truecount="1" falsecount="1"/>
        <line num="10" count="20" type="stmt"/>
        <line num="11" count="20" type="stmt"/>
        <line num="15" count="0" type="stmt"/>
        <line num="16" count="0" type="stmt"/>
        <line num="19" count="2" type="stmt"/>
        <line num="28" count="20" type="cond" truecount="2" falsecount="0"/>
        <line num="29" count="1" type="stmt"/>
        <line num="30" count="1" type="stmt"/>
        <line num="31" count="12" type="stmt"/>
        <line num="32" count="19" type="cond" truecount="2" falsecount="2"/>
        <line num="33" count="0" type="stmt"/>
        <line num="34" count="19" type="cond" truecount="4" falsecount="0"/>
        <line num="35" count="13" type="stmt"/>
        <line num="36" count="25" type="cond" truecount="2" falsecount="0"/>
        <line num="37" count="18" type="stmt"/>
        <line num="43" count="1" type="stmt"/>
        <line num="44" count="1" type="stmt"/>
        <line num="46" count="0" type="stmt"/>
        <line num="49" count="0" type="stmt"/>
        <line num="50" count="0" type="stmt"/>
        <line num="51" count="0" type="stmt"/>
        <line num="54" count="1" type="stmt"/>
        <line num="55" count="1" type="stmt"/>
        <line num="59" count="38" type="stmt"/>
        <line num="60" count="87" type="stmt"/>
        <line num="63" count="38" type="cond" truecount="3" falsecount="1"/>
        <line num="64" count="0" type="stmt"/>
        <line num="70" count="23" type="stmt"/>
        <line num="71" count="23" type="stmt"/>
        <line num="72" count="23" type="cond" truecount="1" falsecount="1"/>
        <line num="73" count="23" type="stmt"/>
        <line num="74" count="23" type="cond" truecount="3" falsecount="1"/>
        <line num="75" count="23" type="stmt"/>
        <line num="77" count="23" type="stmt"/>
        <line num="78" count="23" type="cond" truecount="2" falsecount="3"/>
        <line num="79" count="0" type="stmt"/>
        <line num="80" count="0" type="cond" truecount="0" falsecount="2"/>
        <line num="81" count="0" type="stmt"/>
        <line num="89" count="110" type="cond" truecount="1" falsecount="1"/>
        <line num="90" count="110" type="stmt"/>
        <line num="91" count="110" type="cond" truecount="1" falsecount="1"/>
        <line num="92" count="110" type="cond" truecount="1" falsecount="1"/>
        <line num="101" count="87" type="stmt"/>
        <line num="102" count="87" type="stmt"/>
      </file>
      <file name="customElement.js" path="/workspaces/tic-toc-game/src/lib/customElement.js">
        <metrics statements="40" coveredstatements="36" conditionals="22" coveredconditionals="16" methods="15" coveredmethods="12"/>
        <line num="5" count="47" type="cond" truecount="2" falsecount="0"/>
        <line num="6" count="40" type="stmt"/>
        <line num="8" count="47" type="stmt"/>
        <line num="12" count="1" type="stmt"/>
        <line num="13" count="1" type="stmt"/>
        <line num="15" count="1" type="stmt"/>
        <line num="16" count="1" type="stmt"/>
        <line num="17" count="1" type="stmt"/>
        <line num="19" count="1" type="stmt"/>
        <line num="20" count="1" type="stmt"/>
        <line num="21" count="10" type="cond" truecount="1" falsecount="1"/>
        <line num="22" count="10" type="cond" truecount="2" falsecount="0"/>
        <line num="25" count="1" type="stmt"/>
        <line num="26" count="1" type="stmt"/>
        <line num="29" count="20" type="cond" truecount="1" falsecount="1"/>
        <line num="30" count="20" type="stmt"/>
        <line num="31" count="20" type="stmt"/>
        <line num="32" count="20" type="stmt"/>
        <line num="34" count="37" type="stmt"/>
        <line num="35" count="37" type="stmt"/>
        <line num="36" count="37" type="stmt"/>
        <line num="40" count="20" type="stmt"/>
        <line num="42" count="23" type="stmt"/>
        <line num="47" count="20" type="cond" truecount="4" falsecount="0"/>
        <line num="48" count="1" type="stmt"/>
        <line num="55" count="20" type="cond" truecount="2" falsecount="0"/>
        <line num="56" count="100" type="cond" truecount="2" falsecount="0"/>
        <line num="57" count="5" type="stmt"/>
        <line num="59" count="101" type="stmt"/>
        <line num="64" count="20" type="cond" truecount="1" falsecount="1"/>
        <line num="65" count="0" type="cond" truecount="0" falsecount="2"/>
        <line num="66" count="0" type="stmt"/>
        <line num="68" count="0" type="stmt"/>
        <line num="71" count="20" type="stmt"/>
        <line num="72" count="20" type="stmt"/>
        <line num="73" count="20" type="cond" truecount="1" falsecount="1"/>
        <line num="76" count="1" type="stmt"/>
        <line num="80" count="101" type="stmt"/>
        <line num="84" count="0" type="stmt"/>
        <line num="89" count="2" type="stmt"/>
      </file>
      <file name="render.js" path="/workspaces/tic-toc-game/src/lib/render.js">
        <metrics statements="1" coveredstatements="1" conditionals="2" coveredconditionals="1" methods="1" coveredmethods="1"/>
        <line num="4" count="99" type="cond" truecount="1" falsecount="1"/>
      </file>
    </package>
    <package name="tic_toc">
      <metrics statements="71" coveredstatements="71" conditionals="42" coveredconditionals="41" methods="27" coveredmethods="27"/>
      <file name="tic_toc.element.js" path="/workspaces/tic-toc-game/src/tic_toc/tic_toc.element.js">
        <metrics statements="11" coveredstatements="11" conditionals="2" coveredconditionals="1" methods="3" coveredmethods="3"/>
        <line num="7" count="1" type="stmt"/>
        <line num="11" count="20" type="stmt"/>
        <line num="12" count="1" type="stmt"/>
        <line num="13" count="1" type="stmt"/>
        <line num="14" count="1" type="stmt"/>
        <line num="18" count="20" type="cond" truecount="1" falsecount="1"/>
        <line num="19" count="20" type="stmt"/>
        <line num="23" count="2" type="stmt"/>
        <line num="26" count="1" type="stmt"/>
        <line num="32" count="1" type="stmt"/>
        <line num="33" count="1" type="stmt"/>
      </file>
      <file name="tic_toc.model.js" path="/workspaces/tic-toc-game/src/tic_toc/tic_toc.model.js">
        <metrics statements="41" coveredstatements="41" conditionals="30" coveredconditionals="30" methods="17" coveredmethods="17"/>
        <line num="1" count="2" type="stmt"/>
        <line num="12" count="2" type="stmt"/>
        <line num="17" count="2" type="stmt"/>
        <line num="20" count="40" type="stmt"/>
        <line num="21" count="40" type="stmt"/>
        <line num="22" count="40" type="stmt"/>
        <line num="25" count="5" type="cond" truecount="2" falsecount="0"/>
        <line num="27" count="3" type="cond" truecount="2" falsecount="0"/>
        <line num="28" count="1" type="stmt"/>
        <line num="29" count="4" type="stmt"/>
        <line num="32" count="3" type="stmt"/>
        <line num="33" count="3" type="stmt"/>
        <line num="35" count="3" type="stmt"/>
        <line num="36" count="3" type="stmt"/>
        <line num="39" count="2" type="stmt"/>
        <line num="42" count="5" type="stmt"/>
        <line num="43" count="5" type="stmt"/>
        <line num="44" count="24" type="cond" truecount="2" falsecount="0"/>
        <line num="45" count="11" type="stmt"/>
        <line num="48" count="5" type="cond" truecount="2" falsecount="0"/>
        <line num="51" count="27" type="stmt"/>
        <line num="54" count="34" type="stmt"/>
        <line num="55" count="34" type="cond" truecount="3" falsecount="0"/>
        <line num="58" count="304" type="stmt"/>
        <line num="62" count="36" type="cond" truecount="2" falsecount="0"/>
        <line num="64" count="31" type="stmt"/>
        <line num="70" count="31" type="cond" truecount="2" falsecount="0"/>
        <line num="72" count="31" type="cond" truecount="2" falsecount="0"/>
        <line num="76" count="68" type="stmt"/>
        <line num="79" count="681" type="stmt"/>
        <line num="80" count="2007" type="stmt"/>
        <line num="81" count="2007" type="stmt"/>
        <line num="85" count="29" type="cond" truecount="2" falsecount="0"/>
        <line num="88" count="31" type="cond" truecount="2" falsecount="0"/>
        <line num="91" count="34" type="stmt"/>
        <line num="92" count="227" type="stmt"/>
        <line num="93" count="227" type="stmt"/>
        <line num="94" count="227" type="stmt"/>
        <line num="96" count="227" type="cond" truecount="5" falsecount="0"/>
        <line num="98" count="9" type="cond" truecount="2" falsecount="0"/>
        <line num="101" count="34" type="cond" truecount="2" falsecount="0"/>
      </file>
      <file name="tic_toc.view.js" path="/workspaces/tic-toc-game/src/tic_toc/tic_toc.view.js">
        <metrics statements="19" coveredstatements="19" conditionals="10" coveredconditionals="10" methods="7" coveredmethods="7"/>
        <line num="4" count="2" type="stmt"/>
        <line num="5" count="2" type="stmt"/>
        <line num="6" count="5" type="stmt"/>
        <line num="7" count="2" type="stmt"/>
        <line num="12" count="33" type="cond" truecount="2" falsecount="0"/>
        <line num="13" count="4" type="stmt"/>
        <line num="14" count="29" type="cond" truecount="2" falsecount="0"/>
        <line num="15" count="1" type="stmt"/>
        <line num="17" count="28" type="stmt"/>
        <line num="21" count="35" type="stmt"/>
        <line num="22" count="315" type="stmt"/>
        <line num="23" count="315" type="cond" truecount="2" falsecount="0"/>
        <line num="24" count="315" type="cond" truecount="4" falsecount="0"/>
        <line num="25" count="315" type="stmt"/>
        <line num="34" count="35" type="stmt"/>
        <line num="38" count="31" type="stmt"/>
        <line num="42" count="30" type="stmt"/>
        <line num="47" count="30" type="stmt"/>
        <line num="51" count="30" type="stmt"/>
      </file>
    </package>
  </project>
</coverage>
