{"/workspaces/tic-toc-game/src/lib/catalyst.js": {"path":"/workspaces/tic-toc-game/src/lib/catalyst.js","statementMap":{"0":{"start":{"line":1,"column":20},"end":{"line":1,"column":33}},"1":{"start":{"line":8,"column":4},"end":{"line":8,"column":31}},"2":{"start":{"line":9,"column":4},"end":{"line":9,"column":64}},"3":{"start":{"line":9,"column":31},"end":{"line":9,"column":64}},"4":{"start":{"line":10,"column":4},"end":{"line":10,"column":28}},"5":{"start":{"line":11,"column":4},"end":{"line":11,"column":43}},"6":{"start":{"line":15,"column":4},"end":{"line":15,"column":22}},"7":{"start":{"line":16,"column":4},"end":{"line":16,"column":23}},"8":{"start":{"line":19,"column":18},"end":{"line":19,"column":31}},"9":{"start":{"line":28,"column":4},"end":{"line":28,"column":51}},"10":{"start":{"line":28,"column":27},"end":{"line":28,"column":51}},"11":{"start":{"line":29,"column":17},"end":{"line":29,"column":22}},"12":{"start":{"line":30,"column":21},"end":{"line":42,"column":6}},"13":{"start":{"line":31,"column":8},"end":{"line":41,"column":9}},"14":{"start":{"line":32,"column":12},"end":{"line":40,"column":13}},"15":{"start":{"line":33,"column":16},"end":{"line":33,"column":44}},"16":{"start":{"line":34,"column":19},"end":{"line":40,"column":13}},"17":{"start":{"line":35,"column":16},"end":{"line":39,"column":17}},"18":{"start":{"line":36,"column":20},"end":{"line":38,"column":21}},"19":{"start":{"line":37,"column":24},"end":{"line":37,"column":42}},"20":{"start":{"line":43,"column":4},"end":{"line":43,"column":94}},"21":{"start":{"line":44,"column":25},"end":{"line":53,"column":5}},"22":{"start":{"line":46,"column":12},"end":{"line":46,"column":25}},"23":{"start":{"line":49,"column":12},"end":{"line":49,"column":25}},"24":{"start":{"line":50,"column":12},"end":{"line":50,"column":32}},"25":{"start":{"line":51,"column":12},"end":{"line":51,"column":33}},"26":{"start":{"line":54,"column":4},"end":{"line":54,"column":35}},"27":{"start":{"line":55,"column":4},"end":{"line":55,"column":23}},"28":{"start":{"line":59,"column":4},"end":{"line":61,"column":5}},"29":{"start":{"line":60,"column":8},"end":{"line":60,"column":23}},"30":{"start":{"line":63,"column":4},"end":{"line":65,"column":5}},"31":{"start":{"line":64,"column":8},"end":{"line":64,"column":25}},"32":{"start":{"line":70,"column":15},"end":{"line":70,"column":34}},"33":{"start":{"line":71,"column":4},"end":{"line":85,"column":5}},"34":{"start":{"line":72,"column":8},"end":{"line":84,"column":9}},"35":{"start":{"line":73,"column":31},"end":{"line":73,"column":54}},"36":{"start":{"line":74,"column":12},"end":{"line":76,"column":13}},"37":{"start":{"line":75,"column":16},"end":{"line":75,"column":49}},"38":{"start":{"line":77,"column":25},"end":{"line":77,"column":41}},"39":{"start":{"line":78,"column":12},"end":{"line":83,"column":13}},"40":{"start":{"line":79,"column":41},"end":{"line":79,"column":50}},"41":{"start":{"line":80,"column":16},"end":{"line":82,"column":17}},"42":{"start":{"line":81,"column":20},"end":{"line":81,"column":59}},"43":{"start":{"line":89,"column":4},"end":{"line":97,"column":5}},"44":{"start":{"line":90,"column":25},"end":{"line":90,"column":48}},"45":{"start":{"line":91,"column":26},"end":{"line":91,"column":79}},"46":{"start":{"line":92,"column":8},"end":{"line":96,"column":26}},"47":{"start":{"line":101,"column":4},"end":{"line":103,"column":5}},"48":{"start":{"line":102,"column":8},"end":{"line":102,"column":54}}},"fnMap":{"0":{"name":"bind","decl":{"start":{"line":7,"column":16},"end":{"line":7,"column":20}},"loc":{"start":{"line":7,"column":33},"end":{"line":12,"column":1}},"line":7},"1":{"name":"bindShadow","decl":{"start":{"line":14,"column":16},"end":{"line":14,"column":26}},"loc":{"start":{"line":14,"column":33},"end":{"line":17,"column":1}},"line":14},"2":{"name":"listenForBind","decl":{"start":{"line":27,"column":16},"end":{"line":27,"column":29}},"loc":{"start":{"line":27,"column":45},"end":{"line":56,"column":1}},"line":27},"3":{"name":"(anonymous_3)","decl":{"start":{"line":30,"column":42},"end":{"line":30,"column":43}},"loc":{"start":{"line":30,"column":55},"end":{"line":42,"column":5}},"line":30},"4":{"name":"(anonymous_4)","decl":{"start":{"line":45,"column":8},"end":{"line":45,"column":9}},"loc":{"start":{"line":45,"column":21},"end":{"line":47,"column":9}},"line":45},"5":{"name":"(anonymous_5)","decl":{"start":{"line":48,"column":8},"end":{"line":48,"column":9}},"loc":{"start":{"line":48,"column":22},"end":{"line":52,"column":9}},"line":48},"6":{"name":"bindElements","decl":{"start":{"line":58,"column":9},"end":{"line":58,"column":21}},"loc":{"start":{"line":58,"column":28},"end":{"line":66,"column":1}},"line":58},"7":{"name":"handleEvent","decl":{"start":{"line":69,"column":9},"end":{"line":69,"column":20}},"loc":{"start":{"line":69,"column":28},"end":{"line":86,"column":1}},"line":69},"8":{"name":"bindings","decl":{"start":{"line":88,"column":10},"end":{"line":88,"column":18}},"loc":{"start":{"line":88,"column":23},"end":{"line":98,"column":1}},"line":88},"9":{"name":"bindActions","decl":{"start":{"line":100,"column":9},"end":{"line":100,"column":20}},"loc":{"start":{"line":100,"column":25},"end":{"line":104,"column":1}},"line":100}},"branchMap":{"0":{"loc":{"start":{"line":9,"column":4},"end":{"line":9,"column":64}},"type":"if","locations":[{"start":{"line":9,"column":4},"end":{"line":9,"column":64}},{"start":{},"end":{}}],"line":9},"1":{"loc":{"start":{"line":27,"column":30},"end":{"line":27,"column":43}},"type":"default-arg","locations":[{"start":{"line":27,"column":35},"end":{"line":27,"column":43}}],"line":27},"2":{"loc":{"start":{"line":28,"column":4},"end":{"line":28,"column":51}},"type":"if","locations":[{"start":{"line":28,"column":4},"end":{"line":28,"column":51}},{"start":{},"end":{}}],"line":28},"3":{"loc":{"start":{"line":32,"column":12},"end":{"line":40,"column":13}},"type":"if","locations":[{"start":{"line":32,"column":12},"end":{"line":40,"column":13}},{"start":{"line":34,"column":19},"end":{"line":40,"column":13}}],"line":32},"4":{"loc":{"start":{"line":32,"column":16},"end":{"line":32,"column":84}},"type":"binary-expr","locations":[{"start":{"line":32,"column":16},"end":{"line":32,"column":46}},{"start":{"line":32,"column":50},"end":{"line":32,"column":84}}],"line":32},"5":{"loc":{"start":{"line":34,"column":19},"end":{"line":40,"column":13}},"type":"if","locations":[{"start":{"line":34,"column":19},"end":{"line":40,"column":13}},{"start":{},"end":{}}],"line":34},"6":{"loc":{"start":{"line":34,"column":23},"end":{"line":34,"column":82}},"type":"binary-expr","locations":[{"start":{"line":34,"column":23},"end":{"line":34,"column":52}},{"start":{"line":34,"column":56},"end":{"line":34,"column":82}}],"line":34},"7":{"loc":{"start":{"line":36,"column":20},"end":{"line":38,"column":21}},"type":"if","locations":[{"start":{"line":36,"column":20},"end":{"line":38,"column":21}},{"start":{},"end":{}}],"line":36},"8":{"loc":{"start":{"line":63,"column":4},"end":{"line":65,"column":5}},"type":"if","locations":[{"start":{"line":63,"column":4},"end":{"line":65,"column":5}},{"start":{},"end":{}}],"line":63},"9":{"loc":{"start":{"line":63,"column":8},"end":{"line":63,"column":67}},"type":"binary-expr","locations":[{"start":{"line":63,"column":8},"end":{"line":63,"column":31}},{"start":{"line":63,"column":35},"end":{"line":63,"column":67}}],"line":63},"10":{"loc":{"start":{"line":72,"column":8},"end":{"line":84,"column":9}},"type":"if","locations":[{"start":{"line":72,"column":8},"end":{"line":84,"column":9}},{"start":{},"end":{}}],"line":72},"11":{"loc":{"start":{"line":74,"column":12},"end":{"line":76,"column":13}},"type":"if","locations":[{"start":{"line":74,"column":12},"end":{"line":76,"column":13}},{"start":{},"end":{}}],"line":74},"12":{"loc":{"start":{"line":74,"column":16},"end":{"line":74,"column":95}},"type":"binary-expr","locations":[{"start":{"line":74,"column":16},"end":{"line":74,"column":43}},{"start":{"line":74,"column":47},"end":{"line":74,"column":95}}],"line":74},"13":{"loc":{"start":{"line":78,"column":12},"end":{"line":83,"column":13}},"type":"if","locations":[{"start":{"line":78,"column":12},"end":{"line":83,"column":13}},{"start":{},"end":{}}],"line":78},"14":{"loc":{"start":{"line":78,"column":16},"end":{"line":78,"column":106}},"type":"binary-expr","locations":[{"start":{"line":78,"column":16},"end":{"line":78,"column":42}},{"start":{"line":78,"column":46},"end":{"line":78,"column":72}},{"start":{"line":78,"column":76},"end":{"line":78,"column":106}}],"line":78},"15":{"loc":{"start":{"line":80,"column":16},"end":{"line":82,"column":17}},"type":"if","locations":[{"start":{"line":80,"column":16},"end":{"line":82,"column":17}},{"start":{},"end":{}}],"line":80},"16":{"loc":{"start":{"line":89,"column":26},"end":{"line":89,"column":62}},"type":"binary-expr","locations":[{"start":{"line":89,"column":26},"end":{"line":89,"column":56}},{"start":{"line":89,"column":60},"end":{"line":89,"column":62}}],"line":89},"17":{"loc":{"start":{"line":91,"column":26},"end":{"line":91,"column":79}},"type":"binary-expr","locations":[{"start":{"line":91,"column":26},"end":{"line":91,"column":62}},{"start":{"line":91,"column":66},"end":{"line":91,"column":79}}],"line":91},"18":{"loc":{"start":{"line":92,"column":14},"end":{"line":96,"column":26}},"type":"binary-expr","locations":[{"start":{"line":92,"column":14},"end":{"line":96,"column":9}},{"start":{"line":96,"column":13},"end":{"line":96,"column":26}}],"line":92},"19":{"loc":{"start":{"line":95,"column":20},"end":{"line":95,"column":64}},"type":"binary-expr","locations":[{"start":{"line":95,"column":20},"end":{"line":95,"column":47}},{"start":{"line":95,"column":51},"end":{"line":95,"column":64}}],"line":95}},"s":{"0":2,"1":20,"2":20,"3":0,"4":20,"5":20,"6":0,"7":0,"8":2,"9":20,"10":19,"11":1,"12":1,"13":12,"14":19,"15":0,"16":19,"17":13,"18":25,"19":18,"20":1,"21":1,"22":0,"23":0,"24":0,"25":0,"26":1,"27":1,"28":38,"29":87,"30":38,"31":0,"32":23,"33":23,"34":23,"35":23,"36":23,"37":23,"38":23,"39":23,"40":0,"41":0,"42":0,"43":110,"44":110,"45":110,"46":110,"47":87,"48":87},"f":{"0":20,"1":0,"2":20,"3":12,"4":0,"5":0,"6":38,"7":23,"8":110,"9":87},"b":{"0":[0,20],"1":[0],"2":[19,1],"3":[0,19],"4":[19,0],"5":[13,6],"6":[19,19],"7":[18,7],"8":[0,38],"9":[38,38],"10":[23,0],"11":[23,0],"12":[23,23],"13":[0,23],"14":[23,0,0],"15":[0,0],"16":[110,0],"17":[110,0],"18":[110,0],"19":[110,0]},"_coverageSchema":"1a1c01bbd47fc00a2c39e90264f33305004495a9","hash":"071df3a5c674ba9a2070b3655762f641566bc36d"}
,"/workspaces/tic-toc-game/src/lib/customElement.js": {"path":"/workspaces/tic-toc-game/src/lib/customElement.js","statementMap":{"0":{"start":{"line":5,"column":4},"end":{"line":7,"column":5}},"1":{"start":{"line":6,"column":8},"end":{"line":6,"column":48}},"2":{"start":{"line":8,"column":4},"end":{"line":8,"column":75}},"3":{"start":{"line":8,"column":54},"end":{"line":8,"column":71}},"4":{"start":{"line":12,"column":16},"end":{"line":12,"column":20}},"5":{"start":{"line":13,"column":17},"end":{"line":13,"column":19}},"6":{"start":{"line":15,"column":4},"end":{"line":15,"column":39}},"7":{"start":{"line":16,"column":4},"end":{"line":16,"column":40}},"8":{"start":{"line":17,"column":4},"end":{"line":17,"column":42}},"9":{"start":{"line":19,"column":19},"end":{"line":19,"column":49}},"10":{"start":{"line":20,"column":4},"end":{"line":23,"column":5}},"11":{"start":{"line":21,"column":8},"end":{"line":21,"column":26}},"12":{"start":{"line":22,"column":8},"end":{"line":22,"column":38}},"13":{"start":{"line":25,"column":30},"end":{"line":25,"column":71}},"14":{"start":{"line":26,"column":4},"end":{"line":74,"column":5}},"15":{"start":{"line":29,"column":8},"end":{"line":44,"column":9}},"16":{"start":{"line":30,"column":12},"end":{"line":39,"column":14}},"17":{"start":{"line":31,"column":34},"end":{"line":31,"column":90}},"18":{"start":{"line":32,"column":16},"end":{"line":38,"column":18}},"19":{"start":{"line":34,"column":24},"end":{"line":34,"column":42}},"20":{"start":{"line":35,"column":24},"end":{"line":35,"column":45}},"21":{"start":{"line":36,"column":24},"end":{"line":36,"column":35}},"22":{"start":{"line":40,"column":12},"end":{"line":43,"column":14}},"23":{"start":{"line":42,"column":27},"end":{"line":42,"column":33}},"24":{"start":{"line":47,"column":8},"end":{"line":52,"column":9}},"25":{"start":{"line":48,"column":12},"end":{"line":48,"column":94}},"26":{"start":{"line":55,"column":8},"end":{"line":61,"column":10}},"27":{"start":{"line":56,"column":12},"end":{"line":56,"column":50}},"28":{"start":{"line":56,"column":43},"end":{"line":56,"column":50}},"29":{"start":{"line":57,"column":12},"end":{"line":60,"column":14}},"30":{"start":{"line":59,"column":27},"end":{"line":59,"column":55}},"31":{"start":{"line":64,"column":8},"end":{"line":70,"column":10}},"32":{"start":{"line":65,"column":12},"end":{"line":65,"column":52}},"33":{"start":{"line":65,"column":45},"end":{"line":65,"column":52}},"34":{"start":{"line":66,"column":12},"end":{"line":69,"column":14}},"35":{"start":{"line":68,"column":27},"end":{"line":68,"column":57}},"36":{"start":{"line":71,"column":8},"end":{"line":71,"column":18}},"37":{"start":{"line":72,"column":8},"end":{"line":72,"column":23}},"38":{"start":{"line":73,"column":8},"end":{"line":73,"column":57}},"39":{"start":{"line":76,"column":4},"end":{"line":76,"column":24}},"40":{"start":{"line":80,"column":4},"end":{"line":80,"column":75}},"41":{"start":{"line":84,"column":4},"end":{"line":84,"column":78}},"42":{"start":{"line":89,"column":8},"end":{"line":89,"column":37}}},"fnMap":{"0":{"name":"debounceRender","decl":{"start":{"line":4,"column":9},"end":{"line":4,"column":23}},"loc":{"start":{"line":4,"column":34},"end":{"line":9,"column":1}},"line":4},"1":{"name":"(anonymous_1)","decl":{"start":{"line":8,"column":46},"end":{"line":8,"column":47}},"loc":{"start":{"line":8,"column":52},"end":{"line":8,"column":73}},"line":8},"2":{"name":"customElement","decl":{"start":{"line":11,"column":16},"end":{"line":11,"column":29}},"loc":{"start":{"line":11,"column":45},"end":{"line":77,"column":1}},"line":11},"3":{"name":"(anonymous_3)","decl":{"start":{"line":20,"column":37},"end":{"line":20,"column":38}},"loc":{"start":{"line":20,"column":49},"end":{"line":23,"column":5}},"line":20},"4":{"name":"(anonymous_4)","decl":{"start":{"line":26,"column":48},"end":{"line":26,"column":49}},"loc":{"start":{"line":26,"column":60},"end":{"line":74,"column":5}},"line":26},"5":{"name":"(anonymous_5)","decl":{"start":{"line":30,"column":40},"end":{"line":30,"column":41}},"loc":{"start":{"line":30,"column":49},"end":{"line":39,"column":13}},"line":30},"6":{"name":"(anonymous_6)","decl":{"start":{"line":33,"column":25},"end":{"line":33,"column":26}},"loc":{"start":{"line":33,"column":48},"end":{"line":37,"column":21}},"line":33},"7":{"name":"(anonymous_7)","decl":{"start":{"line":42,"column":21},"end":{"line":42,"column":22}},"loc":{"start":{"line":42,"column":27},"end":{"line":42,"column":33}},"line":42},"8":{"name":"(anonymous_8)","decl":{"start":{"line":55,"column":57},"end":{"line":55,"column":58}},"loc":{"start":{"line":55,"column":71},"end":{"line":61,"column":9}},"line":55},"9":{"name":"(anonymous_9)","decl":{"start":{"line":59,"column":21},"end":{"line":59,"column":22}},"loc":{"start":{"line":59,"column":27},"end":{"line":59,"column":55}},"line":59},"10":{"name":"(anonymous_10)","decl":{"start":{"line":64,"column":59},"end":{"line":64,"column":60}},"loc":{"start":{"line":64,"column":74},"end":{"line":70,"column":9}},"line":64},"11":{"name":"(anonymous_11)","decl":{"start":{"line":68,"column":21},"end":{"line":68,"column":22}},"loc":{"start":{"line":68,"column":27},"end":{"line":68,"column":57}},"line":68},"12":{"name":"findTarget","decl":{"start":{"line":79,"column":16},"end":{"line":79,"column":26}},"loc":{"start":{"line":79,"column":42},"end":{"line":81,"column":1}},"line":79},"13":{"name":"findTargets","decl":{"start":{"line":83,"column":16},"end":{"line":83,"column":27}},"loc":{"start":{"line":83,"column":43},"end":{"line":85,"column":1}},"line":83},"14":{"name":"(anonymous_14)","decl":{"start":{"line":88,"column":4},"end":{"line":88,"column":5}},"loc":{"start":{"line":88,"column":26},"end":{"line":90,"column":5}},"line":88}},"branchMap":{"0":{"loc":{"start":{"line":5,"column":4},"end":{"line":7,"column":5}},"type":"if","locations":[{"start":{"line":5,"column":4},"end":{"line":7,"column":5}},{"start":{},"end":{}}],"line":5},"1":{"loc":{"start":{"line":21,"column":8},"end":{"line":21,"column":26}},"type":"binary-expr","locations":[{"start":{"line":21,"column":8},"end":{"line":21,"column":14}},{"start":{"line":21,"column":18},"end":{"line":21,"column":26}}],"line":21},"2":{"loc":{"start":{"line":22,"column":8},"end":{"line":22,"column":38}},"type":"binary-expr","locations":[{"start":{"line":22,"column":8},"end":{"line":22,"column":13}},{"start":{"line":22,"column":17},"end":{"line":22,"column":38}}],"line":22},"3":{"loc":{"start":{"line":29,"column":8},"end":{"line":44,"column":9}},"type":"if","locations":[{"start":{"line":29,"column":8},"end":{"line":44,"column":9}},{"start":{},"end":{}}],"line":29},"4":{"loc":{"start":{"line":47,"column":8},"end":{"line":52,"column":9}},"type":"if","locations":[{"start":{"line":47,"column":8},"end":{"line":52,"column":9}},{"start":{},"end":{}}],"line":47},"5":{"loc":{"start":{"line":47,"column":12},"end":{"line":47,"column":40}},"type":"binary-expr","locations":[{"start":{"line":47,"column":12},"end":{"line":47,"column":30}},{"start":{"line":47,"column":34},"end":{"line":47,"column":40}}],"line":47},"6":{"loc":{"start":{"line":55,"column":8},"end":{"line":61,"column":10}},"type":"binary-expr","locations":[{"start":{"line":55,"column":8},"end":{"line":55,"column":28}},{"start":{"line":55,"column":32},"end":{"line":61,"column":10}}],"line":55},"7":{"loc":{"start":{"line":56,"column":12},"end":{"line":56,"column":50}},"type":"if","locations":[{"start":{"line":56,"column":12},"end":{"line":56,"column":50}},{"start":{},"end":{}}],"line":56},"8":{"loc":{"start":{"line":64,"column":8},"end":{"line":70,"column":10}},"type":"binary-expr","locations":[{"start":{"line":64,"column":8},"end":{"line":64,"column":29}},{"start":{"line":64,"column":33},"end":{"line":70,"column":10}}],"line":64},"9":{"loc":{"start":{"line":65,"column":12},"end":{"line":65,"column":52}},"type":"if","locations":[{"start":{"line":65,"column":12},"end":{"line":65,"column":52}},{"start":{},"end":{}}],"line":65},"10":{"loc":{"start":{"line":73,"column":8},"end":{"line":73,"column":57}},"type":"binary-expr","locations":[{"start":{"line":73,"column":8},"end":{"line":73,"column":25}},{"start":{"line":73,"column":29},"end":{"line":73,"column":57}}],"line":73}},"s":{"0":47,"1":40,"2":47,"3":20,"4":1,"5":1,"6":1,"7":1,"8":1,"9":1,"10":1,"11":10,"12":10,"13":1,"14":1,"15":20,"16":20,"17":20,"18":20,"19":37,"20":37,"21":37,"22":20,"23":23,"24":20,"25":1,"26":20,"27":100,"28":95,"29":5,"30":101,"31":20,"32":0,"33":0,"34":0,"35":0,"36":20,"37":20,"38":20,"39":1,"40":101,"41":0,"42":2},"f":{"0":47,"1":20,"2":1,"3":10,"4":20,"5":20,"6":37,"7":23,"8":100,"9":101,"10":0,"11":0,"12":101,"13":0,"14":2},"b":{"0":[40,7],"1":[10,0],"2":[10,10],"3":[20,0],"4":[1,19],"5":[20,20],"6":[20,20],"7":[95,5],"8":[20,0],"9":[0,0],"10":[20,0]},"_coverageSchema":"1a1c01bbd47fc00a2c39e90264f33305004495a9","hash":"8627c3b0391524d5d1e1e922ebbc0ee579d62bbd"}
,"/workspaces/tic-toc-game/src/lib/render.js": {"path":"/workspaces/tic-toc-game/src/lib/render.js","statementMap":{"0":{"start":{"line":4,"column":4},"end":{"line":4,"column":42}},"1":{"start":{"line":4,"column":16},"end":{"line":4,"column":42}}},"fnMap":{"0":{"name":"render","decl":{"start":{"line":3,"column":16},"end":{"line":3,"column":22}},"loc":{"start":{"line":3,"column":40},"end":{"line":5,"column":1}},"line":3}},"branchMap":{"0":{"loc":{"start":{"line":4,"column":4},"end":{"line":4,"column":42}},"type":"if","locations":[{"start":{"line":4,"column":4},"end":{"line":4,"column":42}},{"start":{},"end":{}}],"line":4}},"s":{"0":99,"1":99},"f":{"0":99},"b":{"0":[99,0]},"_coverageSchema":"1a1c01bbd47fc00a2c39e90264f33305004495a9","hash":"9480f6f21fe4e5711e4b57260846015b6a0b11ff"}
,"/workspaces/tic-toc-game/src/tic_toc/tic_toc.element.js": {"path":"/workspaces/tic-toc-game/src/tic_toc/tic_toc.element.js","statementMap":{"0":{"start":{"line":7,"column":28},"end":{"line":7,"column":37}},"1":{"start":{"line":11,"column":9},"end":{"line":11,"column":21}},"2":{"start":{"line":12,"column":17},"end":{"line":12,"column":30}},"3":{"start":{"line":13,"column":16},"end":{"line":13,"column":26}},"4":{"start":{"line":14,"column":18},"end":{"line":14,"column":77}},"5":{"start":{"line":18,"column":4},"end":{"line":20,"column":5}},"6":{"start":{"line":19,"column":6},"end":{"line":19,"column":57}},"7":{"start":{"line":23,"column":4},"end":{"line":23,"column":34}},"8":{"start":{"line":26,"column":4},"end":{"line":26,"column":35}},"9":{"start":{"line":32,"column":0},"end":{"line":32,"column":36}},"10":{"start":{"line":33,"column":0},"end":{"line":36,"column":1}}},"fnMap":{"0":{"name":"(anonymous_0)","decl":{"start":{"line":17,"column":2},"end":{"line":17,"column":3}},"loc":{"start":{"line":17,"column":21},"end":{"line":21,"column":3}},"line":17},"1":{"name":"(anonymous_1)","decl":{"start":{"line":22,"column":2},"end":{"line":22,"column":3}},"loc":{"start":{"line":22,"column":11},"end":{"line":24,"column":3}},"line":22},"2":{"name":"(anonymous_2)","decl":{"start":{"line":25,"column":2},"end":{"line":25,"column":3}},"loc":{"start":{"line":25,"column":12},"end":{"line":27,"column":3}},"line":25}},"branchMap":{"0":{"loc":{"start":{"line":18,"column":4},"end":{"line":20,"column":5}},"type":"if","locations":[{"start":{"line":18,"column":4},"end":{"line":20,"column":5}},{"start":{},"end":{}}],"line":18}},"s":{"0":1,"1":20,"2":1,"3":1,"4":1,"5":20,"6":20,"7":2,"8":1,"9":1,"10":1},"f":{"0":20,"1":2,"2":1},"b":{"0":[20,0]},"_coverageSchema":"1a1c01bbd47fc00a2c39e90264f33305004495a9","hash":"37986919d234679b15b55b4ccfcaf53e7b47eb4a"}
,"/workspaces/tic-toc-game/src/tic_toc/tic_toc.model.js": {"path":"/workspaces/tic-toc-game/src/tic_toc/tic_toc.model.js","statementMap":{"0":{"start":{"line":1,"column":34},"end":{"line":10,"column":1}},"1":{"start":{"line":12,"column":22},"end":{"line":15,"column":1}},"2":{"start":{"line":17,"column":30},"end":{"line":17,"column":40}},"3":{"start":{"line":20,"column":13},"end":{"line":20,"column":27}},"4":{"start":{"line":21,"column":13},"end":{"line":21,"column":15}},"5":{"start":{"line":22,"column":12},"end":{"line":22,"column":14}},"6":{"start":{"line":25,"column":8},"end":{"line":25,"column":41}},"7":{"start":{"line":25,"column":34},"end":{"line":25,"column":41}},"8":{"start":{"line":27,"column":8},"end":{"line":31,"column":9}},"9":{"start":{"line":28,"column":12},"end":{"line":30,"column":15}},"10":{"start":{"line":29,"column":16},"end":{"line":29,"column":33}},"11":{"start":{"line":32,"column":25},"end":{"line":32,"column":58}},"12":{"start":{"line":33,"column":8},"end":{"line":33,"column":25}},"13":{"start":{"line":35,"column":8},"end":{"line":35,"column":37}},"14":{"start":{"line":36,"column":8},"end":{"line":36,"column":25}},"15":{"start":{"line":39,"column":8},"end":{"line":39,"column":47}},"16":{"start":{"line":42,"column":29},"end":{"line":42,"column":47}},"17":{"start":{"line":43,"column":8},"end":{"line":47,"column":11}},"18":{"start":{"line":44,"column":12},"end":{"line":46,"column":13}},"19":{"start":{"line":45,"column":16},"end":{"line":45,"column":32}},"20":{"start":{"line":48,"column":8},"end":{"line":48,"column":65}},"21":{"start":{"line":51,"column":8},"end":{"line":51,"column":38}},"22":{"start":{"line":54,"column":30},"end":{"line":54,"column":62}},"23":{"start":{"line":55,"column":8},"end":{"line":55,"column":68}},"24":{"start":{"line":58,"column":8},"end":{"line":58,"column":83}},"25":{"start":{"line":58,"column":41},"end":{"line":58,"column":81}},"26":{"start":{"line":62,"column":8},"end":{"line":62,"column":44}},"27":{"start":{"line":62,"column":37},"end":{"line":62,"column":44}},"28":{"start":{"line":64,"column":8},"end":{"line":68,"column":11}},"29":{"start":{"line":70,"column":8},"end":{"line":70,"column":60}},"30":{"start":{"line":70,"column":43},"end":{"line":70,"column":60}},"31":{"start":{"line":72,"column":8},"end":{"line":72,"column":48}},"32":{"start":{"line":72,"column":28},"end":{"line":72,"column":48}},"33":{"start":{"line":76,"column":8},"end":{"line":76,"column":33}},"34":{"start":{"line":79,"column":8},"end":{"line":82,"column":15}},"35":{"start":{"line":80,"column":12},"end":{"line":80,"column":44}},"36":{"start":{"line":81,"column":12},"end":{"line":81,"column":23}},"37":{"start":{"line":85,"column":8},"end":{"line":85,"column":68}},"38":{"start":{"line":88,"column":8},"end":{"line":88,"column":58}},"39":{"start":{"line":91,"column":29},"end":{"line":99,"column":10}},"40":{"start":{"line":92,"column":22},"end":{"line":92,"column":57}},"41":{"start":{"line":93,"column":22},"end":{"line":93,"column":57}},"42":{"start":{"line":94,"column":22},"end":{"line":94,"column":57}},"43":{"start":{"line":96,"column":12},"end":{"line":96,"column":45}},"44":{"start":{"line":96,"column":32},"end":{"line":96,"column":45}},"45":{"start":{"line":98,"column":12},"end":{"line":98,"column":38}},"46":{"start":{"line":101,"column":8},"end":{"line":101,"column":34}}},"fnMap":{"0":{"name":"(anonymous_0)","decl":{"start":{"line":24,"column":4},"end":{"line":24,"column":5}},"loc":{"start":{"line":24,"column":11},"end":{"line":37,"column":5}},"line":24},"1":{"name":"(anonymous_1)","decl":{"start":{"line":28,"column":31},"end":{"line":28,"column":32}},"loc":{"start":{"line":28,"column":41},"end":{"line":30,"column":13}},"line":28},"2":{"name":"(anonymous_2)","decl":{"start":{"line":38,"column":4},"end":{"line":38,"column":5}},"loc":{"start":{"line":38,"column":12},"end":{"line":40,"column":5}},"line":38},"3":{"name":"(anonymous_3)","decl":{"start":{"line":41,"column":4},"end":{"line":41,"column":5}},"loc":{"start":{"line":41,"column":16},"end":{"line":49,"column":5}},"line":41},"4":{"name":"(anonymous_4)","decl":{"start":{"line":43,"column":27},"end":{"line":43,"column":28}},"loc":{"start":{"line":43,"column":37},"end":{"line":47,"column":9}},"line":43},"5":{"name":"(anonymous_5)","decl":{"start":{"line":50,"column":4},"end":{"line":50,"column":5}},"loc":{"start":{"line":50,"column":19},"end":{"line":52,"column":5}},"line":50},"6":{"name":"(anonymous_6)","decl":{"start":{"line":53,"column":4},"end":{"line":53,"column":5}},"loc":{"start":{"line":53,"column":22},"end":{"line":56,"column":5}},"line":53},"7":{"name":"(anonymous_7)","decl":{"start":{"line":57,"column":4},"end":{"line":57,"column":5}},"loc":{"start":{"line":57,"column":32},"end":{"line":59,"column":5}},"line":57},"8":{"name":"(anonymous_8)","decl":{"start":{"line":58,"column":31},"end":{"line":58,"column":32}},"loc":{"start":{"line":58,"column":41},"end":{"line":58,"column":81}},"line":58},"9":{"name":"(anonymous_9)","decl":{"start":{"line":61,"column":4},"end":{"line":61,"column":5}},"loc":{"start":{"line":61,"column":23},"end":{"line":73,"column":5}},"line":61},"10":{"name":"(anonymous_10)","decl":{"start":{"line":75,"column":4},"end":{"line":75,"column":5}},"loc":{"start":{"line":75,"column":20},"end":{"line":77,"column":5}},"line":75},"11":{"name":"(anonymous_11)","decl":{"start":{"line":78,"column":4},"end":{"line":78,"column":5}},"loc":{"start":{"line":78,"column":27},"end":{"line":83,"column":5}},"line":78},"12":{"name":"(anonymous_12)","decl":{"start":{"line":79,"column":33},"end":{"line":79,"column":34}},"loc":{"start":{"line":79,"column":51},"end":{"line":82,"column":9}},"line":79},"13":{"name":"(anonymous_13)","decl":{"start":{"line":84,"column":4},"end":{"line":84,"column":5}},"loc":{"start":{"line":84,"column":21},"end":{"line":86,"column":5}},"line":84},"14":{"name":"(anonymous_14)","decl":{"start":{"line":87,"column":4},"end":{"line":87,"column":5}},"loc":{"start":{"line":87,"column":13},"end":{"line":89,"column":5}},"line":87},"15":{"name":"(anonymous_15)","decl":{"start":{"line":90,"column":4},"end":{"line":90,"column":5}},"loc":{"start":{"line":90,"column":18},"end":{"line":102,"column":5}},"line":90},"16":{"name":"(anonymous_16)","decl":{"start":{"line":91,"column":53},"end":{"line":91,"column":54}},"loc":{"start":{"line":91,"column":68},"end":{"line":99,"column":9}},"line":91}},"branchMap":{"0":{"loc":{"start":{"line":25,"column":8},"end":{"line":25,"column":41}},"type":"if","locations":[{"start":{"line":25,"column":8},"end":{"line":25,"column":41}},{"start":{},"end":{}}],"line":25},"1":{"loc":{"start":{"line":27,"column":8},"end":{"line":31,"column":9}},"type":"if","locations":[{"start":{"line":27,"column":8},"end":{"line":31,"column":9}},{"start":{},"end":{}}],"line":27},"2":{"loc":{"start":{"line":44,"column":12},"end":{"line":46,"column":13}},"type":"if","locations":[{"start":{"line":44,"column":12},"end":{"line":46,"column":13}},{"start":{},"end":{}}],"line":44},"3":{"loc":{"start":{"line":48,"column":22},"end":{"line":48,"column":64}},"type":"cond-expr","locations":[{"start":{"line":48,"column":48},"end":{"line":48,"column":59}},{"start":{"line":48,"column":62},"end":{"line":48,"column":64}}],"line":48},"4":{"loc":{"start":{"line":55,"column":15},"end":{"line":55,"column":67}},"type":"binary-expr","locations":[{"start":{"line":55,"column":15},"end":{"line":55,"column":27}},{"start":{"line":55,"column":31},"end":{"line":55,"column":45}},{"start":{"line":55,"column":49},"end":{"line":55,"column":67}}],"line":55},"5":{"loc":{"start":{"line":62,"column":8},"end":{"line":62,"column":44}},"type":"if","locations":[{"start":{"line":62,"column":8},"end":{"line":62,"column":44}},{"start":{},"end":{}}],"line":62},"6":{"loc":{"start":{"line":70,"column":8},"end":{"line":70,"column":60}},"type":"if","locations":[{"start":{"line":70,"column":8},"end":{"line":70,"column":60}},{"start":{},"end":{}}],"line":70},"7":{"loc":{"start":{"line":72,"column":8},"end":{"line":72,"column":48}},"type":"if","locations":[{"start":{"line":72,"column":8},"end":{"line":72,"column":48}},{"start":{},"end":{}}],"line":72},"8":{"loc":{"start":{"line":85,"column":15},"end":{"line":85,"column":67}},"type":"cond-expr","locations":[{"start":{"line":85,"column":44},"end":{"line":85,"column":54}},{"start":{"line":85,"column":57},"end":{"line":85,"column":67}}],"line":85},"9":{"loc":{"start":{"line":88,"column":15},"end":{"line":88,"column":57}},"type":"binary-expr","locations":[{"start":{"line":88,"column":15},"end":{"line":88,"column":35}},{"start":{"line":88,"column":39},"end":{"line":88,"column":57}}],"line":88},"10":{"loc":{"start":{"line":96,"column":12},"end":{"line":96,"column":45}},"type":"if","locations":[{"start":{"line":96,"column":12},"end":{"line":96,"column":45}},{"start":{},"end":{}}],"line":96},"11":{"loc":{"start":{"line":96,"column":16},"end":{"line":96,"column":30}},"type":"binary-expr","locations":[{"start":{"line":96,"column":16},"end":{"line":96,"column":18}},{"start":{"line":96,"column":22},"end":{"line":96,"column":24}},{"start":{"line":96,"column":28},"end":{"line":96,"column":30}}],"line":96},"12":{"loc":{"start":{"line":98,"column":19},"end":{"line":98,"column":37}},"type":"binary-expr","locations":[{"start":{"line":98,"column":19},"end":{"line":98,"column":26}},{"start":{"line":98,"column":30},"end":{"line":98,"column":37}}],"line":98},"13":{"loc":{"start":{"line":101,"column":15},"end":{"line":101,"column":33}},"type":"binary-expr","locations":[{"start":{"line":101,"column":15},"end":{"line":101,"column":27}},{"start":{"line":101,"column":31},"end":{"line":101,"column":33}}],"line":101}},"s":{"0":2,"1":2,"2":2,"3":40,"4":40,"5":40,"6":5,"7":2,"8":3,"9":1,"10":4,"11":3,"12":3,"13":3,"14":3,"15":2,"16":5,"17":5,"18":24,"19":11,"20":5,"21":27,"22":34,"23":34,"24":304,"25":250,"26":36,"27":5,"28":31,"29":31,"30":4,"31":31,"32":27,"33":68,"34":681,"35":2007,"36":2007,"37":29,"38":31,"39":34,"40":227,"41":227,"42":227,"43":227,"44":218,"45":9,"46":34},"f":{"0":5,"1":4,"2":2,"3":5,"4":24,"5":27,"6":34,"7":304,"8":250,"9":36,"10":68,"11":681,"12":2007,"13":29,"14":31,"15":34,"16":227},"b":{"0":[2,3],"1":[1,2],"2":[11,13],"3":[4,1],"4":[34,33,30],"5":[5,31],"6":[4,27],"7":[27,4],"8":[19,10],"9":[31,31],"10":[218,9],"11":[227,105,27],"12":[9,7],"13":[34,27]},"_coverageSchema":"1a1c01bbd47fc00a2c39e90264f33305004495a9","hash":"dba1fb2f6a08235b869374cfc74df3376160c649"}
,"/workspaces/tic-toc-game/src/tic_toc/tic_toc.view.js": {"path":"/workspaces/tic-toc-game/src/tic_toc/tic_toc.view.js","statementMap":{"0":{"start":{"line":4,"column":29},"end":{"line":4,"column":34}},"1":{"start":{"line":5,"column":29},"end":{"line":5,"column":34}},"2":{"start":{"line":6,"column":23},"end":{"line":6,"column":62}},"3":{"start":{"line":6,"column":35},"end":{"line":6,"column":62}},"4":{"start":{"line":7,"column":23},"end":{"line":7,"column":64}},"5":{"start":{"line":7,"column":29},"end":{"line":7,"column":64}},"6":{"start":{"line":12,"column":8},"end":{"line":16,"column":9}},"7":{"start":{"line":13,"column":12},"end":{"line":13,"column":43}},"8":{"start":{"line":14,"column":15},"end":{"line":16,"column":9}},"9":{"start":{"line":15,"column":12},"end":{"line":15,"column":37}},"10":{"start":{"line":17,"column":8},"end":{"line":17,"column":22}},"11":{"start":{"line":21,"column":21},"end":{"line":33,"column":9}},"12":{"start":{"line":22,"column":28},"end":{"line":22,"column":48}},"13":{"start":{"line":23,"column":26},"end":{"line":23,"column":54}},"14":{"start":{"line":24,"column":32},"end":{"line":24,"column":68}},"15":{"start":{"line":25,"column":12},"end":{"line":32,"column":13}},"16":{"start":{"line":34,"column":8},"end":{"line":34,"column":51}},"17":{"start":{"line":38,"column":8},"end":{"line":38,"column":30}},"18":{"start":{"line":42,"column":8},"end":{"line":45,"column":12}},"19":{"start":{"line":47,"column":8},"end":{"line":49,"column":12}},"20":{"start":{"line":51,"column":8},"end":{"line":53,"column":12}}},"fnMap":{"0":{"name":"(anonymous_0)","decl":{"start":{"line":6,"column":23},"end":{"line":6,"column":24}},"loc":{"start":{"line":6,"column":35},"end":{"line":6,"column":62}},"line":6},"1":{"name":"(anonymous_1)","decl":{"start":{"line":7,"column":23},"end":{"line":7,"column":24}},"loc":{"start":{"line":7,"column":29},"end":{"line":7,"column":64}},"line":7},"2":{"name":"(anonymous_2)","decl":{"start":{"line":11,"column":4},"end":{"line":11,"column":5}},"loc":{"start":{"line":11,"column":37},"end":{"line":18,"column":5}},"line":11},"3":{"name":"(anonymous_3)","decl":{"start":{"line":20,"column":4},"end":{"line":20,"column":5}},"loc":{"start":{"line":20,"column":33},"end":{"line":35,"column":5}},"line":20},"4":{"name":"(anonymous_4)","decl":{"start":{"line":21,"column":21},"end":{"line":21,"column":22}},"loc":{"start":{"line":21,"column":31},"end":{"line":33,"column":9}},"line":21},"5":{"name":"(anonymous_5)","decl":{"start":{"line":37,"column":4},"end":{"line":37,"column":5}},"loc":{"start":{"line":37,"column":27},"end":{"line":39,"column":5}},"line":37},"6":{"name":"(anonymous_6)","decl":{"start":{"line":41,"column":4},"end":{"line":41,"column":5}},"loc":{"start":{"line":41,"column":13},"end":{"line":54,"column":5}},"line":41}},"branchMap":{"0":{"loc":{"start":{"line":12,"column":8},"end":{"line":16,"column":9}},"type":"if","locations":[{"start":{"line":12,"column":8},"end":{"line":16,"column":9}},{"start":{"line":14,"column":15},"end":{"line":16,"column":9}}],"line":12},"1":{"loc":{"start":{"line":14,"column":15},"end":{"line":16,"column":9}},"type":"if","locations":[{"start":{"line":14,"column":15},"end":{"line":16,"column":9}},{"start":{},"end":{}}],"line":14},"2":{"loc":{"start":{"line":23,"column":26},"end":{"line":23,"column":54}},"type":"cond-expr","locations":[{"start":{"line":23,"column":36},"end":{"line":23,"column":49}},{"start":{"line":23,"column":52},"end":{"line":23,"column":54}}],"line":23},"3":{"loc":{"start":{"line":24,"column":32},"end":{"line":24,"column":68}},"type":"cond-expr","locations":[{"start":{"line":24,"column":57},"end":{"line":24,"column":61}},{"start":{"line":24,"column":64},"end":{"line":24,"column":68}}],"line":24},"4":{"loc":{"start":{"line":24,"column":32},"end":{"line":24,"column":54}},"type":"binary-expr","locations":[{"start":{"line":24,"column":32},"end":{"line":24,"column":39}},{"start":{"line":24,"column":43},"end":{"line":24,"column":54}}],"line":24}},"s":{"0":2,"1":2,"2":2,"3":5,"4":2,"5":2,"6":33,"7":4,"8":29,"9":1,"10":28,"11":35,"12":315,"13":315,"14":315,"15":315,"16":35,"17":31,"18":30,"19":30,"20":30},"f":{"0":5,"1":2,"2":33,"3":35,"4":315,"5":31,"6":30},"b":{"0":[4,29],"1":[1,28],"2":[60,255],"3":[18,297],"4":[315,60]},"_coverageSchema":"1a1c01bbd47fc00a2c39e90264f33305004495a9","hash":"1943e6a6f8bf44e1ce5c80f94fe9a1abf0c02c60"}
}
