TN:
SF:src/lib/catalyst.js
FN:7,bind
FN:14,bindShadow
FN:27,listenForBind
FN:30,(anonymous_3)
FN:45,(anonymous_4)
FN:48,(anonymous_5)
FN:58,bindElements
FN:69,handleEvent
FN:88,bindings
FN:100,bindActions
FNF:10
FNH:7
FNDA:20,bind
FNDA:0,bindShadow
FNDA:20,listenForBind
FNDA:12,(anonymous_3)
FNDA:0,(anonymous_4)
FNDA:0,(anonymous_5)
FNDA:38,bindElements
FNDA:23,handleEvent
FNDA:110,bindings
FNDA:87,bindActions
DA:1,2
DA:8,20
DA:9,20
DA:10,20
DA:11,20
DA:15,0
DA:16,0
DA:19,2
DA:28,20
DA:29,1
DA:30,1
DA:31,12
DA:32,19
DA:33,0
DA:34,19
DA:35,13
DA:36,25
DA:37,18
DA:43,1
DA:44,1
DA:46,0
DA:49,0
DA:50,0
DA:51,0
DA:54,1
DA:55,1
DA:59,38
DA:60,87
DA:63,38
DA:64,0
DA:70,23
DA:71,23
DA:72,23
DA:73,23
DA:74,23
DA:75,23
DA:77,23
DA:78,23
DA:79,0
DA:80,0
DA:81,0
DA:89,110
DA:90,110
DA:91,110
DA:92,110
DA:101,87
DA:102,87
LF:47
LH:36
BRDA:9,0,0,0
BRDA:9,0,1,20
BRDA:27,1,0,0
BRDA:28,2,0,19
BRDA:28,2,1,1
BRDA:32,3,0,0
BRDA:32,3,1,19
BRDA:32,4,0,19
BRDA:32,4,1,0
BRDA:34,5,0,13
BRDA:34,5,1,6
BRDA:34,6,0,19
BRDA:34,6,1,19
BRDA:36,7,0,18
BRDA:36,7,1,7
BRDA:63,8,0,0
BRDA:63,8,1,38
BRDA:63,9,0,38
BRDA:63,9,1,38
BRDA:72,10,0,23
BRDA:72,10,1,0
BRDA:74,11,0,23
BRDA:74,11,1,0
BRDA:74,12,0,23
BRDA:74,12,1,23
BRDA:78,13,0,0
BRDA:78,13,1,23
BRDA:78,14,0,23
BRDA:78,14,1,0
BRDA:78,14,2,0
BRDA:80,15,0,0
BRDA:80,15,1,0
BRDA:89,16,0,110
BRDA:89,16,1,0
BRDA:91,17,0,110
BRDA:91,17,1,0
BRDA:92,18,0,110
BRDA:92,18,1,0
BRDA:95,19,0,110
BRDA:95,19,1,0
BRF:40
BRH:24
end_of_record
TN:
SF:src/lib/customElement.js
FN:4,debounceRender
FN:8,(anonymous_1)
FN:11,customElement
FN:20,(anonymous_3)
FN:26,(anonymous_4)
FN:30,(anonymous_5)
FN:33,(anonymous_6)
FN:42,(anonymous_7)
FN:55,(anonymous_8)
FN:59,(anonymous_9)
FN:64,(anonymous_10)
FN:68,(anonymous_11)
FN:79,findTarget
FN:83,findTargets
FN:88,(anonymous_14)
FNF:15
FNH:12
FNDA:47,debounceRender
FNDA:20,(anonymous_1)
FNDA:1,customElement
FNDA:10,(anonymous_3)
FNDA:20,(anonymous_4)
FNDA:20,(anonymous_5)
FNDA:37,(anonymous_6)
FNDA:23,(anonymous_7)
FNDA:100,(anonymous_8)
FNDA:101,(anonymous_9)
FNDA:0,(anonymous_10)
FNDA:0,(anonymous_11)
FNDA:101,findTarget
FNDA:0,findTargets
FNDA:2,(anonymous_14)
DA:5,47
DA:6,40
DA:8,47
DA:12,1
DA:13,1
DA:15,1
DA:16,1
DA:17,1
DA:19,1
DA:20,1
DA:21,10
DA:22,10
DA:25,1
DA:26,1
DA:29,20
DA:30,20
DA:31,20
DA:32,20
DA:34,37
DA:35,37
DA:36,37
DA:40,20
DA:42,23
DA:47,20
DA:48,1
DA:55,20
DA:56,100
DA:57,5
DA:59,101
DA:64,20
DA:65,0
DA:66,0
DA:68,0
DA:71,20
DA:72,20
DA:73,20
DA:76,1
DA:80,101
DA:84,0
DA:89,2
LF:40
LH:36
BRDA:5,0,0,40
BRDA:5,0,1,7
BRDA:21,1,0,10
BRDA:21,1,1,0
BRDA:22,2,0,10
BRDA:22,2,1,10
BRDA:29,3,0,20
BRDA:29,3,1,0
BRDA:47,4,0,1
BRDA:47,4,1,19
BRDA:47,5,0,20
BRDA:47,5,1,20
BRDA:55,6,0,20
BRDA:55,6,1,20
BRDA:56,7,0,95
BRDA:56,7,1,5
BRDA:64,8,0,20
BRDA:64,8,1,0
BRDA:65,9,0,0
BRDA:65,9,1,0
BRDA:73,10,0,20
BRDA:73,10,1,0
BRF:22
BRH:16
end_of_record
TN:
SF:src/lib/render.js
FN:3,render
FNF:1
FNH:1
FNDA:99,render
DA:4,99
LF:1
LH:1
BRDA:4,0,0,99
BRDA:4,0,1,0
BRF:2
BRH:1
end_of_record
TN:
SF:src/tic_toc/tic_toc.element.js
FN:17,(anonymous_0)
FN:22,(anonymous_1)
FN:25,(anonymous_2)
FNF:3
FNH:3
FNDA:20,(anonymous_0)
FNDA:2,(anonymous_1)
FNDA:1,(anonymous_2)
DA:7,1
DA:11,20
DA:12,1
DA:13,1
DA:14,1
DA:18,20
DA:19,20
DA:23,2
DA:26,1
DA:32,1
DA:33,1
LF:11
LH:11
BRDA:18,0,0,20
BRDA:18,0,1,0
BRF:2
BRH:1
end_of_record
TN:
SF:src/tic_toc/tic_toc.model.js
FN:24,(anonymous_0)
FN:28,(anonymous_1)
FN:38,(anonymous_2)
FN:41,(anonymous_3)
FN:43,(anonymous_4)
FN:50,(anonymous_5)
FN:53,(anonymous_6)
FN:57,(anonymous_7)
FN:58,(anonymous_8)
FN:61,(anonymous_9)
FN:75,(anonymous_10)
FN:78,(anonymous_11)
FN:79,(anonymous_12)
FN:84,(anonymous_13)
FN:87,(anonymous_14)
FN:90,(anonymous_15)
FN:91,(anonymous_16)
FNF:17
FNH:17
FNDA:5,(anonymous_0)
FNDA:4,(anonymous_1)
FNDA:2,(anonymous_2)
FNDA:5,(anonymous_3)
FNDA:24,(anonymous_4)
FNDA:27,(anonymous_5)
FNDA:34,(anonymous_6)
FNDA:304,(anonymous_7)
FNDA:250,(anonymous_8)
FNDA:36,(anonymous_9)
FNDA:68,(anonymous_10)
FNDA:681,(anonymous_11)
FNDA:2007,(anonymous_12)
FNDA:29,(anonymous_13)
FNDA:31,(anonymous_14)
FNDA:34,(anonymous_15)
FNDA:227,(anonymous_16)
DA:1,2
DA:12,2
DA:17,2
DA:20,40
DA:21,40
DA:22,40
DA:25,5
DA:27,3
DA:28,1
DA:29,4
DA:32,3
DA:33,3
DA:35,3
DA:36,3
DA:39,2
DA:42,5
DA:43,5
DA:44,24
DA:45,11
DA:48,5
DA:51,27
DA:54,34
DA:55,34
DA:58,304
DA:62,36
DA:64,31
DA:70,31
DA:72,31
DA:76,68
DA:79,681
DA:80,2007
DA:81,2007
DA:85,29
DA:88,31
DA:91,34
DA:92,227
DA:93,227
DA:94,227
DA:96,227
DA:98,9
DA:101,34
LF:41
LH:41
BRDA:25,0,0,2
BRDA:25,0,1,3
BRDA:27,1,0,1
BRDA:27,1,1,2
BRDA:44,2,0,11
BRDA:44,2,1,13
BRDA:48,3,0,4
BRDA:48,3,1,1
BRDA:55,4,0,34
BRDA:55,4,1,33
BRDA:55,4,2,30
BRDA:62,5,0,5
BRDA:62,5,1,31
BRDA:70,6,0,4
BRDA:70,6,1,27
BRDA:72,7,0,27
BRDA:72,7,1,4
BRDA:85,8,0,19
BRDA:85,8,1,10
BRDA:88,9,0,31
BRDA:88,9,1,31
BRDA:96,10,0,218
BRDA:96,10,1,9
BRDA:96,11,0,227
BRDA:96,11,1,105
BRDA:96,11,2,27
BRDA:98,12,0,9
BRDA:98,12,1,7
BRDA:101,13,0,34
BRDA:101,13,1,27
BRF:30
BRH:30
end_of_record
TN:
SF:src/tic_toc/tic_toc.view.js
FN:6,(anonymous_0)
FN:7,(anonymous_1)
FN:11,(anonymous_2)
FN:20,(anonymous_3)
FN:21,(anonymous_4)
FN:37,(anonymous_5)
FN:41,(anonymous_6)
FNF:7
FNH:7
FNDA:5,(anonymous_0)
FNDA:2,(anonymous_1)
FNDA:33,(anonymous_2)
FNDA:35,(anonymous_3)
FNDA:315,(anonymous_4)
FNDA:31,(anonymous_5)
FNDA:30,(anonymous_6)
DA:4,2
DA:5,2
DA:6,5
DA:7,2
DA:12,33
DA:13,4
DA:14,29
DA:15,1
DA:17,28
DA:21,35
DA:22,315
DA:23,315
DA:24,315
DA:25,315
DA:34,35
DA:38,31
DA:42,30
DA:47,30
DA:51,30
LF:19
LH:19
BRDA:12,0,0,4
BRDA:12,0,1,29
BRDA:14,1,0,1
BRDA:14,1,1,28
BRDA:23,2,0,60
BRDA:23,2,1,255
BRDA:24,3,0,18
BRDA:24,3,1,297
BRDA:24,4,0,315
BRDA:24,4,1,60
BRF:10
BRH:10
end_of_record
